MPASM  5.31                  EJERCICIO 3C.ASM   2-2-2021  20:37:08         PAGE  1


LOC  OBJECT CODE     LINE SOURCE TEXT
  VALUE

                      00001                                 #INCLUDE <P16F628A.INC>
                      00001         LIST
                      00002 ; P16F628A.INC  Standard Header File, Version 1.10    Microchip Technology, Inc.
                      00265         LIST
                      00266 
                      00002 
2007   3F10           00003                                 __CONFIG        3F10
                      00004         
Warning[215]: Processor superseded by command line.  Verify processor symbol.
                      00005                                 LIST    P=16F84
                      00006 
  00000020            00007 NUMERO          EQU             0X20
  00000021            00008 CONT_TMR0       EQU             0X21
  00000022            00009 FLAG_RESTA      EQU             0X22
                      00010 
                      00011                         ORG             0X00
0000   2???           00012                         GOTO    INICIO
                      00013 
                      00014                         ORG             0X04
0004   138B           00015                         BCF             INTCON,GIE
0005   1C8B           00016                         BTFSS   INTCON,INTF
0006   2???           00017                         GOTO    INT_TMR0
                      00018 
0007   108B           00019                         BCF             INTCON,INTF
0008   1683           00020                         BSF             STATUS,RP0
0009   3020           00021                         MOVLW   0X20
Message[302]: Register in operand not in bank 0.  Ensure that bank bits are correct.
000A   0681           00022                         XORWF   OPTION_REG,F
000B   1283           00023                         BCF             STATUS,RP0
000C   2???           00024                         GOTO    SALIR_INT
                      00025 
000D                  00026 INT_TMR0
000D   0AA1           00027                         INCF    CONT_TMR0,F
000E   0821           00028                         MOVF    CONT_TMR0,W
000F   3A14           00029                         XORLW   .20
0010   1D03           00030                         BTFSS   STATUS,Z
0011   2???           00031                         GOTO    SALIR_TMR0
0012   1822           00032                         BTFSC   FLAG_RESTA,0
0013   2???           00033                         GOTO    RESTA
                      00034 
0014                  00035 SUMA
0014   0AA0           00036                         INCF    NUMERO,F
0015   1E20           00037                         BTFSS   NUMERO,4
0016   2???           00038                         GOTO    MOSTRAR
0017   09A2           00039                         COMF    FLAG_RESTA,F 
0018   03A0           00040                         DECF    NUMERO,F
                      00041 
0019                  00042 RESTA 
0019   03A0           00043                         DECF    NUMERO,F
001A   1903           00044                         BTFSC   STATUS,Z
001B   09A2           00045                         COMF    FLAG_RESTA,F
                      00046 
001C                  00047 MOSTRAR
MPASM  5.31                  EJERCICIO 3C.ASM   2-2-2021  20:37:08         PAGE  2


LOC  OBJECT CODE     LINE SOURCE TEXT
  VALUE

001C   01A1           00048                         CLRF    CONT_TMR0
001D   0820           00049                         MOVF    NUMERO,W
001E   2???           00050                         CALL    TAB_DISPLAY
001F   0086           00051                         MOVWF   PORTB
                      00052 
0020                  00053 SALIR_TMR0
0020   110B           00054                         BCF             INTCON,T0IF
0021   303D           00055                         MOVLW   .61
0022   0081           00056                         MOVWF   TMR0
                      00057 
0023                  00058 SALIR_INT
0023   0009           00059                         RETFIE
                      00060 
0024                  00061 INICIO
0024   303D           00062                         MOVLW   .61
0025   0081           00063                         MOVWF   TMR0
0026   1683           00064                         BSF             STATUS,RP0
Message[302]: Register in operand not in bank 0.  Ensure that bank bits are correct.
0027   1381           00065                         BCF             OPTION_REG,NOT_RBPU
0028   3001           00066                         MOVLW   B'00000001'
Message[302]: Register in operand not in bank 0.  Ensure that bank bits are correct.
0029   0086           00067                         MOVWF   TRISB   
Message[302]: Register in operand not in bank 0.  Ensure that bank bits are correct.
002A   1281           00068                         BCF             OPTION_REG,T0CS
Message[302]: Register in operand not in bank 0.  Ensure that bank bits are correct.
002B   1181           00069                         BCF             OPTION_REG,PSA
Message[302]: Register in operand not in bank 0.  Ensure that bank bits are correct.
002C   1401           00070                         BSF             OPTION_REG,PS0
Message[302]: Register in operand not in bank 0.  Ensure that bank bits are correct.
002D   1481           00071                         BSF             OPTION_REG,PS1
Message[302]: Register in operand not in bank 0.  Ensure that bank bits are correct.
002E   1501           00072                         BSF             OPTION_REG,PS2
002F   178B           00073                         BSF             INTCON,GIE
0030   168B           00074                         BSF             INTCON,T0IE
0031   160B           00075                         BSF             INTCON,INTE
0032   1283           00076                         BCF             STATUS,RP0
                      00077 
0033   01A0           00078                         CLRF    NUMERO
0034   01A1           00079                         CLRF    CONT_TMR0
0035   01A2           00080                         CLRF    FLAG_RESTA
0036   0103           00081                         CLRW
0037   2???           00082                         CALL    TAB_DISPLAY
0038   0086           00083                         MOVWF   PORTB
                      00084 
0039   2???           00085                         GOTO    $
                      00086 
003A                  00087 TAB_DISPLAY
003A   0782           00088                         ADDWF   PCL,1
003B   347E           00089                         RETLW   B'01111110';0
003C   340C           00090                         RETLW   B'00001100';1   
003D   34B6           00091                         RETLW   B'10110110';2
003E   349E           00092                         RETLW   B'10011110';3
003F   34CC           00093                         RETLW   B'11001100';4
MPASM  5.31                  EJERCICIO 3C.ASM   2-2-2021  20:37:08         PAGE  3


LOC  OBJECT CODE     LINE SOURCE TEXT
  VALUE

0040   34DA           00094                         RETLW   B'11011010';5
0041   34FA           00095                         RETLW   B'11111010';6
0042   340E           00096                         RETLW   B'00001110';7
0043   34FE           00097                         RETLW   B'11111110';8
0044   34DE           00098                         RETLW   B'11011110';9
0045   34EE           00099                         RETLW   B'11101110';A
0046   34F8           00100                         RETLW   B'11111000';B
0047   3472           00101                         RETLW   B'01110010';C
0048   34BC           00102                         RETLW   B'10111100';D
0049   34F2           00103                         RETLW   B'11110010';E
004A   34E2           00104                         RETLW   B'11100010';F   
                      00105 
                      00106 
3F10                  00107                         END
MPASM  5.31                  EJERCICIO 3C.ASM   2-2-2021  20:37:08         PAGE  4


SYMBOL TABLE
  LABEL                             VALUE 

ADEN                              00000003
BRGH                              00000002
C                                 00000000
C1INV                             00000004
C1OUT                             00000006
C2INV                             00000005
C2OUT                             00000007
CCP1CON                           00000017
CCP1IE                            00000002
CCP1IF                            00000002
CCP1M0                            00000000
CCP1M1                            00000001
CCP1M2                            00000002
CCP1M3                            00000003
CCP1X                             00000005
CCP1Y                             00000004
CCPR1H                            00000016
CCPR1L                            00000015
CIS                               00000003
CM0                               00000000
CM1                               00000001
CM2                               00000002
CMCON                             0000001F
CMIE                              00000006
CMIF                              00000006
CONT_TMR0                         00000021
CREN                              00000004
CSRC                              00000007
DC                                00000001
EEADR                             0000009B
EECON1                            0000009C
EECON2                            0000009D
EEDATA                            0000009A
EEIE                              00000007
EEIF                              00000007
F                                 00000001
FERR                              00000002
FLAG_RESTA                        00000022
FSR                               00000004
GIE                               00000007
INDF                              00000000
INICIO                            00000024
INTCON                            0000000B
INTE                              00000004
INTEDG                            00000006
INTF                              00000001
INT_TMR0                          0000000D
IRP                               00000007
MOSTRAR                           0000001C
NOT_BO                            00000000
NOT_BOD                           00000000
NOT_BOR                           00000000
NOT_PD                            00000003
MPASM  5.31                  EJERCICIO 3C.ASM   2-2-2021  20:37:08         PAGE  5


SYMBOL TABLE
  LABEL                             VALUE 

NOT_POR                           00000001
NOT_RBPU                          00000007
NOT_T1SYNC                        00000002
NOT_TO                            00000004
NUMERO                            00000020
OERR                              00000001
OPTION_REG                        00000081
OSCF                              00000003
PCL                               00000002
PCLATH                            0000000A
PCON                              0000008E
PEIE                              00000006
PIE1                              0000008C
PIR1                              0000000C
PORTA                             00000005
PORTB                             00000006
PR2                               00000092
PS0                               00000000
PS1                               00000001
PS2                               00000002
PSA                               00000003
RBIE                              00000003
RBIF                              00000000
RCIE                              00000005
RCIF                              00000005
RCREG                             0000001A
RCSTA                             00000018
RD                                00000000
RESTA                             00000019
RP0                               00000005
RP1                               00000006
RX9                               00000006
RX9D                              00000000
SALIR_INT                         00000023
SALIR_TMR0                        00000020
SPBRG                             00000099
SPEN                              00000007
SREN                              00000005
STATUS                            00000003
SUMA                              00000014
SYNC                              00000004
T0CS                              00000005
T0IE                              00000005
T0IF                              00000002
T0SE                              00000004
T1CKPS0                           00000004
T1CKPS1                           00000005
T1CON                             00000010
T1OSCEN                           00000003
T2CKPS0                           00000000
T2CKPS1                           00000001
T2CON                             00000012
TAB_DISPLAY                       0000003A
MPASM  5.31                  EJERCICIO 3C.ASM   2-2-2021  20:37:08         PAGE  6


SYMBOL TABLE
  LABEL                             VALUE 

TMR0                              00000001
TMR1CS                            00000001
TMR1H                             0000000F
TMR1IE                            00000000
TMR1IF                            00000000
TMR1L                             0000000E
TMR1ON                            00000000
TMR2                              00000011
TMR2IE                            00000001
TMR2IF                            00000001
TMR2ON                            00000002
TOUTPS0                           00000003
TOUTPS1                           00000004
TOUTPS2                           00000005
TOUTPS3                           00000006
TRISA                             00000085
TRISB                             00000086
TRMT                              00000001
TX9                               00000006
TX9D                              00000000
TXEN                              00000005
TXIE                              00000004
TXIF                              00000004
TXREG                             00000019
TXSTA                             00000098
VR0                               00000000
VR1                               00000001
VR2                               00000002
VR3                               00000003
VRCON                             0000009F
VREN                              00000007
VROE                              00000006
VRR                               00000005
W                                 00000000
WR                                00000001
WREN                              00000002
WRERR                             00000003
Z                                 00000002
_.org_1_0039                      00000039
_BODEN_OFF                        00003FBF
_BODEN_ON                         00003FFF
_BOREN_OFF                        00003FBF
_BOREN_ON                         00003FFF
_CP_OFF                           00003FFF
_CP_ON                            00001FFF
_DATA_CP_OFF                      00003FFF
_DATA_CP_ON                       00003EFF
_ER_OSC_CLKOUT                    00003FFF
_ER_OSC_NOCLKOUT                  00003FFE
_EXTCLK_OSC                       00003FEF
_HS_OSC                           00003FEE
_INTOSC_OSC_CLKOUT                00003FFD
_INTOSC_OSC_NOCLKOUT              00003FFC
MPASM  5.31                  EJERCICIO 3C.ASM   2-2-2021  20:37:08         PAGE  7


SYMBOL TABLE
  LABEL                             VALUE 

_INTRC_OSC_CLKOUT                 00003FFD
_INTRC_OSC_NOCLKOUT               00003FFC
_LP_OSC                           00003FEC
_LVP_OFF                          00003F7F
_LVP_ON                           00003FFF
_MCLRE_OFF                        00003FDF
_MCLRE_ON                         00003FFF
_PWRTE_OFF                        00003FFF
_PWRTE_ON                         00003FF7
_RC_OSC_CLKOUT                    00003FFF
_RC_OSC_NOCLKOUT                  00003FFE
_WDT_OFF                          00003FFB
_WDT_ON                           00003FFF
_XT_OSC                           00003FED
__16F628A                         00000001
__DEBUG                           1

Errors   :     0
Warnings :     1 reported,     0 suppressed
Messages :     8 reported,     0 suppressed

